<?xml version="1.0" encoding="UTF-8"?>
<!-- Generated by org.testng.reporters.JUnitXMLReporter -->
<testsuite ignored="0" hostname="MANSINGH" failures="0" tests="1" name="saucedemo" time="0.078" errors="0" timestamp="2024-02-09T14:50:53 IST">
  <testcase classname="com.sauce.base.BaseTest" name="@BeforeSuite beforeSuite" time="0.474">
    <failure type="java.lang.NullPointerException" message="Cannot invoke &amp;quot;com.aventstack.extentreports.ExtentTest.log(com.aventstack.extentreports.Status, String)&amp;quot; because &amp;quot;this.extTest&amp;quot; is null">
      <![CDATA[java.lang.NullPointerException: Cannot invoke "com.aventstack.extentreports.ExtentTest.log(com.aventstack.extentreports.Status, String)" because "this.extTest" is null
at com.sauce.utils.WebUtil.lodProperties(WebUtil.java:187)
at com.sauce.base.BaseTest.beforeSuite(BaseTest.java:30)
... Removed 17 stack frames]]>
    </failure>
  </testcase> <!-- @BeforeSuite beforeSuite -->
  <testcase classname="com.sauce.base.BaseTest" name="@BeforeMethod beforeMethod" time="0.0">
    <skipped/>
  </testcase> <!-- @BeforeMethod beforeMethod -->
  <testcase classname="com.sauce.base.BaseTest" name="@AfterMethod afterMethod" time="0.0">
    <skipped/>
  </testcase> <!-- @AfterMethod afterMethod -->
  <testcase classname="com.sauce.testscript.TestScript" name="verifySD001LoginAndLogOut" time="0.0">
    <skipped/>
  </testcase> <!-- verifySD001LoginAndLogOut -->
</testsuite> <!-- saucedemo -->
