<?xml version="1.0" encoding="UTF-8"?>
<testng-results ignored="0" total="1" passed="1" failed="0" skipped="0">
  <reporter-output>
  </reporter-output>
  <suite started-at="2024-02-09T15:04:07 IST" name="Suite" finished-at="2024-02-09T15:04:49 IST" duration-ms="42014">
    <groups>
    </groups>
    <test started-at="2024-02-09T15:04:07 IST" name="Test" finished-at="2024-02-09T15:04:49 IST" duration-ms="42014">
      <class name="com.sauce.testscript.LoginTestScript">
        <test-method is-config="true" signature="beforeSuite()[pri:0, instance:com.sauce.testscript.LoginTestScript@411f53a0]" started-at="2024-02-09T15:04:07 IST" name="beforeSuite" finished-at="2024-02-09T15:04:07 IST" duration-ms="571" status="PASS">
          <reporter-output>
          </reporter-output>
        </test-method> <!-- beforeSuite -->
        <test-method is-config="true" signature="beforeMethod(java.lang.reflect.Method)[pri:0, instance:com.sauce.testscript.LoginTestScript@411f53a0]" started-at="2024-02-09T15:04:07 IST" name="beforeMethod" finished-at="2024-02-09T15:04:13 IST" duration-ms="5264" status="PASS">
          <params>
            <param index="0">
              <value>
                <![CDATA[public void com.sauce.testscript.LoginTestScript.verifySD001LoginAndLogOut()]]>
              </value>
            </param>
          </params>
          <reporter-output>
          </reporter-output>
        </test-method> <!-- beforeMethod -->
        <test-method signature="verifySD001LoginAndLogOut()[pri:0, instance:com.sauce.testscript.LoginTestScript@411f53a0]" started-at="2024-02-09T15:04:13 IST" name="verifySD001LoginAndLogOut" finished-at="2024-02-09T15:04:48 IST" duration-ms="35525" status="PASS">
          <reporter-output>
          </reporter-output>
        </test-method> <!-- verifySD001LoginAndLogOut -->
        <test-method is-config="true" signature="afterMethod(org.testng.ITestResult,java.lang.reflect.Method)[pri:0, instance:com.sauce.testscript.LoginTestScript@411f53a0]" started-at="2024-02-09T15:04:48 IST" name="afterMethod" finished-at="2024-02-09T15:04:49 IST" duration-ms="1163" status="PASS">
          <params>
            <param index="0">
              <value>
                <![CDATA[[TestResult name=verifySD001LoginAndLogOut status=SUCCESS method=LoginTestScript.verifySD001LoginAndLogOut()[pri:0, instance:com.sauce.testscript.LoginTestScript@411f53a0] output={null}]]]>
              </value>
            </param>
            <param index="1">
              <value>
                <![CDATA[public void com.sauce.testscript.LoginTestScript.verifySD001LoginAndLogOut()]]>
              </value>
            </param>
          </params>
          <reporter-output>
          </reporter-output>
        </test-method> <!-- afterMethod -->
        <test-method is-config="true" signature="afterSuite()[pri:0, instance:com.sauce.testscript.LoginTestScript@411f53a0]" started-at="2024-02-09T15:04:49 IST" name="afterSuite" finished-at="2024-02-09T15:04:50 IST" duration-ms="19" status="PASS">
          <reporter-output>
          </reporter-output>
        </test-method> <!-- afterSuite -->
      </class> <!-- com.sauce.testscript.LoginTestScript -->
    </test> <!-- Test -->
  </suite> <!-- Suite -->
</testng-results>
